<?xml version="1.0" encoding="UTF-8"?>
<testsuite xmlns:xsi="http://www.w3.org/2001/XMLSchema-instance" xsi:noNamespaceSchemaLocation="https://maven.apache.org/surefire/maven-surefire-plugin/xsd/surefire-test-report-3.0.xsd" version="3.0" name="com.gcashapp.TransactionsTest" time="0.131" tests="13" errors="0" skipped="0" failures="0">
  <properties>
[...]
</properties>
  <testcase name="testViewAllTotalCount" classname="com.gcashapp.TransactionsTest" time="0.014">
    <system-out><![CDATA[[SUCCESS] PHP 200.00 added. Balance: PHP 5000.00 → PHP 5200.00
[SUCCESS] PHP 300.00 added. Balance: PHP 5200.00 → PHP 5500.00
[SUCCESS] PHP 1500.00 added. Balance: PHP 12500.75 → PHP 14000.75
[SUCCESS] PHP 1000.00 sent to User #2. Your balance: PHP 4500.00
[SUCCESS] PHP 500.00 sent to User #3. Your balance: PHP 14500.75

  ── ALL TRANSACTIONS (7 records) ──
  [#1  ] PHP    200.00 | Cash-in 7-Eleven                    | 2026-04-20 04:03:16 | CASH-IN (external)
  [#2  ] PHP    300.00 | Cash-in Palawan Express             | 2026-04-20 04:03:16 | CASH-IN (external)
  [#3  ] PHP   1500.00 | Cash-in BDO                         | 2026-04-20 04:03:16 | CASH-IN (external)
  [#4  ] PHP   1000.00 | SENT – Bayad sa utang               | 2026-04-20 04:03:16 | SENT    → User #2
  [#5  ] PHP   1000.00 | RECEIVED – Bayad sa utang           | 2026-04-20 04:03:16 | RECEIVED ← User #1
  [#6  ] PHP    500.00 | SENT – Pasalubong                   | 2026-04-20 04:03:16 | SENT    → User #3
  [#7  ] PHP    500.00 | RECEIVED – Pasalubong               | 2026-04-20 04:03:16 | RECEIVED ← User #2
]]></system-out>
  </testcase>
  <testcase name="testViewTransactionInvalidIds" classname="com.gcashapp.TransactionsTest" time="0.004">
    <system-out><![CDATA[  [ERROR] Invalid transaction ID.
  [ERROR] Invalid transaction ID.
  [ERROR] Transaction #99 not found.
]]></system-out>
  </testcase>
  <testcase name="testViewAllAmountsArePositive" classname="com.gcashapp.TransactionsTest" time="0.011">
    <system-out><![CDATA[[SUCCESS] PHP 200.00 added. Balance: PHP 5000.00 → PHP 5200.00
[SUCCESS] PHP 300.00 added. Balance: PHP 5200.00 → PHP 5500.00
[SUCCESS] PHP 1500.00 added. Balance: PHP 12500.75 → PHP 14000.75
[SUCCESS] PHP 1000.00 sent to User #2. Your balance: PHP 4500.00
[SUCCESS] PHP 500.00 sent to User #3. Your balance: PHP 14500.75

  ── ALL TRANSACTIONS (7 records) ──
  [#1  ] PHP    200.00 | Cash-in 7-Eleven                    | 2026-04-20 04:03:16 | CASH-IN (external)
  [#2  ] PHP    300.00 | Cash-in Palawan Express             | 2026-04-20 04:03:16 | CASH-IN (external)
  [#3  ] PHP   1500.00 | Cash-in BDO                         | 2026-04-20 04:03:16 | CASH-IN (external)
  [#4  ] PHP   1000.00 | SENT – Bayad sa utang               | 2026-04-20 04:03:16 | SENT    → User #2
  [#5  ] PHP   1000.00 | RECEIVED – Bayad sa utang           | 2026-04-20 04:03:16 | RECEIVED ← User #1
  [#6  ] PHP    500.00 | SENT – Pasalubong                   | 2026-04-20 04:03:16 | SENT    → User #3
  [#7  ] PHP    500.00 | RECEIVED – Pasalubong               | 2026-04-20 04:03:16 | RECEIVED ← User #2
]]></system-out>
  </testcase>
  <testcase name="testViewUserAllCountsPerUser" classname="com.gcashapp.TransactionsTest" time="0.01">
    <system-out><![CDATA[[SUCCESS] PHP 200.00 added. Balance: PHP 5000.00 → PHP 5200.00
[SUCCESS] PHP 300.00 added. Balance: PHP 5200.00 → PHP 5500.00
[SUCCESS] PHP 1500.00 added. Balance: PHP 12500.75 → PHP 14000.75
[SUCCESS] PHP 1000.00 sent to User #2. Your balance: PHP 4500.00
[SUCCESS] PHP 500.00 sent to User #3. Your balance: PHP 14500.75

  ── TRANSACTIONS FOR USER #1 (3 records) ──
  [#1  ] PHP    200.00 | Cash-in 7-Eleven                    | 2026-04-20 04:03:16 | CASH-IN (external)
  [#2  ] PHP    300.00 | Cash-in Palawan Express             | 2026-04-20 04:03:16 | CASH-IN (external)
  [#4  ] PHP   1000.00 | SENT – Bayad sa utang               | 2026-04-20 04:03:16 | SENT    → User #2

  ── TRANSACTIONS FOR USER #2 (3 records) ──
  [#3  ] PHP   1500.00 | Cash-in BDO                         | 2026-04-20 04:03:16 | CASH-IN (external)
  [#5  ] PHP   1000.00 | RECEIVED – Bayad sa utang           | 2026-04-20 04:03:16 | RECEIVED ← User #1
  [#6  ] PHP    500.00 | SENT – Pasalubong                   | 2026-04-20 04:03:16 | SENT    → User #3

  ── TRANSACTIONS FOR USER #3 (1 records) ──
  [#7  ] PHP    500.00 | RECEIVED – Pasalubong               | 2026-04-20 04:03:16 | RECEIVED ← User #2
]]></system-out>
  </testcase>
  <testcase name="testViewAllEmpty" classname="com.gcashapp.TransactionsTest" time="0.001">
    <system-out><![CDATA[
  ── ALL TRANSACTIONS (0 records) ──
  (No transactions on record.)
]]></system-out>
  </testcase>
  <testcase name="testJuanHasOnlyCashInOrSent" classname="com.gcashapp.TransactionsTest" time="0.006">
    <system-out><![CDATA[[SUCCESS] PHP 200.00 added. Balance: PHP 5000.00 → PHP 5200.00
[SUCCESS] PHP 300.00 added. Balance: PHP 5200.00 → PHP 5500.00
[SUCCESS] PHP 1500.00 added. Balance: PHP 12500.75 → PHP 14000.75
[SUCCESS] PHP 1000.00 sent to User #2. Your balance: PHP 4500.00
[SUCCESS] PHP 500.00 sent to User #3. Your balance: PHP 14500.75

  ── TRANSACTIONS FOR USER #1 (3 records) ──
  [#1  ] PHP    200.00 | Cash-in 7-Eleven                    | 2026-04-20 04:03:16 | CASH-IN (external)
  [#2  ] PHP    300.00 | Cash-in Palawan Express             | 2026-04-20 04:03:16 | CASH-IN (external)
  [#4  ] PHP   1000.00 | SENT – Bayad sa utang               | 2026-04-20 04:03:16 | SENT    → User #2
]]></system-out>
  </testcase>
  <testcase name="testPolymorphicSeedingLogsCorrectly" classname="com.gcashapp.TransactionsTest" time="0.008">
    <system-out><![CDATA[[TEST] Running: Cash-In
[SUCCESS] PHP 200.00 added. Balance: PHP 12500.75 → PHP 12700.75
[TEST] Running: Cash-In
[SUCCESS] PHP 200.00 added. Balance: PHP 12700.75 → PHP 12900.75
[TEST] Running: Cash-Transfer
[SUCCESS] PHP 50.00 sent to User #3. Your balance: PHP 4950.00

  ── ALL TRANSACTIONS (4 records) ──
  [#1  ] PHP    200.00 | Poly2                               | 2026-04-20 04:03:16 | CASH-IN (external)
  [#2  ] PHP    200.00 | Poly2                               | 2026-04-20 04:03:16 | CASH-IN (external)
  [#3  ] PHP     50.00 | SENT – Poly3                        | 2026-04-20 04:03:16 | SENT    → User #3
  [#4  ] PHP     50.00 | RECEIVED – Poly3                    | 2026-04-20 04:03:16 | RECEIVED ← User #1
]]></system-out>
  </testcase>
  <testcase name="testViewUserAllInvalidIds" classname="com.gcashapp.TransactionsTest" time="0.002">
    <system-out><![CDATA[  [ERROR] Invalid user ID.
  [ERROR] Invalid user ID.
]]></system-out>
  </testcase>
  <testcase name="testQueryComposedPredicate" classname="com.gcashapp.TransactionsTest" time="0.006">
    <system-out><![CDATA[[SUCCESS] PHP 200.00 added. Balance: PHP 5000.00 → PHP 5200.00
[SUCCESS] PHP 300.00 added. Balance: PHP 5200.00 → PHP 5500.00
[SUCCESS] PHP 1500.00 added. Balance: PHP 12500.75 → PHP 14000.75
[SUCCESS] PHP 1000.00 sent to User #2. Your balance: PHP 4500.00
[SUCCESS] PHP 500.00 sent to User #3. Your balance: PHP 14500.75
]]></system-out>
  </testcase>
  <testcase name="testViewUserAllFiltersCorrectly" classname="com.gcashapp.TransactionsTest" time="0.01">
    <system-out><![CDATA[[SUCCESS] PHP 200.00 added. Balance: PHP 5000.00 → PHP 5200.00
[SUCCESS] PHP 300.00 added. Balance: PHP 5200.00 → PHP 5500.00
[SUCCESS] PHP 1500.00 added. Balance: PHP 12500.75 → PHP 14000.75
[SUCCESS] PHP 1000.00 sent to User #2. Your balance: PHP 4500.00
[SUCCESS] PHP 500.00 sent to User #3. Your balance: PHP 14500.75

  ── TRANSACTIONS FOR USER #1 (3 records) ──
  [#1  ] PHP    200.00 | Cash-in 7-Eleven                    | 2026-04-20 04:03:16 | CASH-IN (external)
  [#2  ] PHP    300.00 | Cash-in Palawan Express             | 2026-04-20 04:03:16 | CASH-IN (external)
  [#4  ] PHP   1000.00 | SENT – Bayad sa utang               | 2026-04-20 04:03:16 | SENT    → User #2
]]></system-out>
  </testcase>
  <testcase name="testViewTransactionCorrectData" classname="com.gcashapp.TransactionsTest" time="0.005">
    <system-out><![CDATA[[SUCCESS] PHP 250.00 added. Balance: PHP 5000.00 → PHP 5250.00
  [#1  ] PHP    250.00 | Specific txn                        | 2026-04-20 04:03:16 | CASH-IN (external)
]]></system-out>
  </testcase>
  <testcase name="testQueryAmountGreaterThan" classname="com.gcashapp.TransactionsTest" time="0.006">
    <system-out><![CDATA[[SUCCESS] PHP 200.00 added. Balance: PHP 5000.00 → PHP 5200.00
[SUCCESS] PHP 300.00 added. Balance: PHP 5200.00 → PHP 5500.00
[SUCCESS] PHP 1500.00 added. Balance: PHP 12500.75 → PHP 14000.75
[SUCCESS] PHP 1000.00 sent to User #2. Your balance: PHP 4500.00
[SUCCESS] PHP 500.00 sent to User #3. Your balance: PHP 14500.75
]]></system-out>
  </testcase>
  <testcase name="testQueryNegatedPredicate" classname="com.gcashapp.TransactionsTest" time="0.015">
    <system-out><![CDATA[[SUCCESS] PHP 200.00 added. Balance: PHP 5000.00 → PHP 5200.00
[SUCCESS] PHP 300.00 added. Balance: PHP 5200.00 → PHP 5500.00
[SUCCESS] PHP 1500.00 added. Balance: PHP 12500.75 → PHP 14000.75
[SUCCESS] PHP 1000.00 sent to User #2. Your balance: PHP 4500.00
[SUCCESS] PHP 500.00 sent to User #3. Your balance: PHP 14500.75
]]></system-out>
  </testcase>
</testsuite>