<?xml version="1.0" encoding="UTF-8"?>
<testsuite xmlns:xsi="http://www.w3.org/2001/XMLSchema-instance" xsi:noNamespaceSchemaLocation="https://maven.apache.org/surefire/maven-surefire-plugin/xsd/surefire-test-report-3.0.xsd" version="3.0" name="com.gcashapp.CashTransferTest" time="0.119" tests="8" errors="0" skipped="0" failures="0">
  <properties>
[...]
</properties>
  <testcase name="testPolymorphicOperationArray" classname="com.gcashapp.CashTransferTest" time="0.031">
    <system-out><![CDATA[[TEST] Running: Cash-In
[SUCCESS] PHP 200.00 added. Balance: PHP 12500.75 → PHP 12700.75
[TEST] Running: Cash-In
[SUCCESS] PHP 200.00 added. Balance: PHP 12700.75 → PHP 12900.75
[TEST] Running: Cash-Transfer
[SUCCESS] PHP 50.00 sent to User #3. Your balance: PHP 4950.00

  ── ALL TRANSACTIONS (4 records) ──
  [#1  ] PHP    200.00 | Op2                                 | 2026-04-20 04:03:16 | CASH-IN (external)
  [#2  ] PHP    200.00 | Op2                                 | 2026-04-20 04:03:16 | CASH-IN (external)
  [#3  ] PHP     50.00 | SENT – Op3                          | 2026-04-20 04:03:16 | SENT    → User #3
  [#4  ] PHP     50.00 | RECEIVED – Op3                      | 2026-04-20 04:03:16 | RECEIVED ← User #1
]]></system-out>
  </testcase>
  <testcase name="testCashTransferViaPolymorphicInterface" classname="com.gcashapp.CashTransferTest" time="0.006">
    <system-out><![CDATA[[TEST] Running: Cash-Transfer
[SUCCESS] PHP 500.00 sent to User #2. Your balance: PHP 4500.00
]]></system-out>
  </testcase>
  <testcase name="testBothBalancesUpdateCorrectly" classname="com.gcashapp.CashTransferTest" time="0.017">
    <system-out><![CDATA[  Available Balance: PHP 5000.00
  Available Balance: PHP 12500.75
[SUCCESS] PHP 1000.00 sent to User #2. Your balance: PHP 4000.00
  Available Balance: PHP 4000.00
  Available Balance: PHP 13500.75
]]></system-out>
  </testcase>
  <testcase name="testAllRestrictionsWithBalanceIntegrity" classname="com.gcashapp.CashTransferTest" time="0.02">
    <system-out><![CDATA[  Available Balance: PHP 5000.00
  Available Balance: PHP 12500.75
[ERROR] Cannot transfer to your own account.
[ERROR] Amount must be PHP 1.00–50000.00
[ERROR] Amount must be PHP 1.00–50000.00
[ERROR] Amount must be PHP 1.00–50000.00
[ERROR] Recipient (ID: 99) not found.
[ERROR] Invalid sender ID.
[ERROR] Invalid recipient ID.
  Available Balance: PHP 5000.00
  Available Balance: PHP 12500.75
]]></system-out>
  </testcase>
  <testcase name="testChainedTransfers" classname="com.gcashapp.CashTransferTest" time="0.007">
    <system-out><![CDATA[  Available Balance: PHP 5000.00
  Available Balance: PHP 12500.75
  Available Balance: PHP 300.50
[SUCCESS] PHP 200.00 sent to User #2. Your balance: PHP 4800.00
[SUCCESS] PHP 100.00 sent to User #3. Your balance: PHP 12600.75
  Available Balance: PHP 4800.00
  Available Balance: PHP 12600.75
  Available Balance: PHP 400.50
]]></system-out>
  </testcase>
  <testcase name="testTotalMoneyConserved" classname="com.gcashapp.CashTransferTest" time="0.008">
    <system-out><![CDATA[  Available Balance: PHP 5000.00
  Available Balance: PHP 12500.75
[SUCCESS] PHP 500.00 sent to User #2. Your balance: PHP 4500.00
  Available Balance: PHP 4500.00
  Available Balance: PHP 13000.75
]]></system-out>
  </testcase>
  <testcase name="testTransferPredicates" classname="com.gcashapp.CashTransferTest" time="0.004"/>
  <testcase name="testBothTransactionRecordsLogged" classname="com.gcashapp.CashTransferTest" time="0.012">
    <system-out><![CDATA[[SUCCESS] PHP 500.00 sent to User #2. Your balance: PHP 4500.00

  ── ALL TRANSACTIONS (2 records) ──
  [#1  ] PHP    500.00 | SENT – Log test                     | 2026-04-20 04:03:16 | SENT    → User #2
  [#2  ] PHP    500.00 | RECEIVED – Log test                 | 2026-04-20 04:03:16 | RECEIVED ← User #1
]]></system-out>
  </testcase>
</testsuite>